Arguments: 
  /usr/local/bin/node /opt/homebrew/Cellar/yarn/1.22.19/libexec/bin/yarn.js build:css

PATH: 
  /Users/shiraitakumi/.rbenv/versions/2.7.6/lib/ruby/gems/2.7.0/bin:/Users/shiraitakumi/.rbenv/versions/2.7.6/bin:/opt/homebrew/Cellar/rbenv/1.2.0/libexec:/Users/shiraitakumi/.rbenv/shims:/usr/local/bin:/usr/bin:/bin:/usr/sbin:/sbin:/opt/homebrew/bin

Yarn version: 
  1.22.19

Node version: 
  16.15.1

Platform: 
  darwin arm64

Trace: 
  SyntaxError: /Users/shiraitakumi/Myapp/package.json: Unexpected string in JSON at position 422
      at JSON.parse (<anonymous>)
      at /opt/homebrew/Cellar/yarn/1.22.19/libexec/lib/cli.js:1629:59
      at Generator.next (<anonymous>)
      at step (/opt/homebrew/Cellar/yarn/1.22.19/libexec/lib/cli.js:310:30)
      at /opt/homebrew/Cellar/yarn/1.22.19/libexec/lib/cli.js:321:13

npm manifest: 
  {
    "name": "myapp",
    "version": "1.0.0",
    "description": "This README would normally document whatever steps are necessary to get the application up and running.",
    "main": "index.js",
    "directories": {
      "lib": "lib",
      "test": "test"
    },
    "scripts": {
      "build:css": "sass ./app/assets/stylesheets/application.bootstrap.scss ./app/assets/builds/application.css --no-source-map --load-path=node_modules"
      "test": "echo \"Error: no test specified\" && exit 1"
    },
    "author": "",
    "license": "ISC"
    
  }

yarn manifest: 
  No manifest

Lockfile: 
  No lockfile
